0 info it worked if it ends with ok
1 verbose cli [ '/usr/bin/node', '/usr/bin/npm', 'run', 'client' ]
2 info using npm@3.10.10
3 info using node@v6.13.0
4 verbose run-script [ 'preclient', 'client', 'postclient' ]
5 info lifecycle example-create-react-app-express@1.0.0~preclient: example-create-react-app-express@1.0.0
6 silly lifecycle example-create-react-app-express@1.0.0~preclient: no script for preclient, continuing
7 info lifecycle example-create-react-app-express@1.0.0~client: example-create-react-app-express@1.0.0
8 verbose lifecycle example-create-react-app-express@1.0.0~client: unsafe-perm in lifecycle true
9 verbose lifecycle example-create-react-app-express@1.0.0~client: PATH: /usr/lib/node_modules/npm/bin/node-gyp-bin:/home/boxuanlu/lighthouse/Dota2-fantasy/node_modules/.bin:/home/boxuanlu/bin:/home/boxuanlu/.local/bin:/home/boxuanlu/.rvm/gems/ruby-2.3.0/bin:/home/boxuanlu/.rvm/gems/ruby-2.3.0@global/bin:/usr/share/rvm/rubies/ruby-2.3.0/bin:/usr/share/rvm/bin:/home/boxuanlu/bin:/home/boxuanlu/.local/bin:/usr/local/sbin:/usr/local/bin:/usr/sbin:/usr/bin:/sbin:/bin:/usr/games:/usr/local/games:/snap/bin
10 verbose lifecycle example-create-react-app-express@1.0.0~client: CWD: /home/boxuanlu/lighthouse/Dota2-fantasy
11 silly lifecycle example-create-react-app-express@1.0.0~client: Args: [ '-c', 'cd client && npm run start' ]
12 silly lifecycle example-create-react-app-express@1.0.0~client: Returned: code: 1  signal: null
13 info lifecycle example-create-react-app-express@1.0.0~client: Failed to exec client script
14 verbose stack Error: example-create-react-app-express@1.0.0 client: `cd client && npm run start`
14 verbose stack Exit status 1
14 verbose stack     at EventEmitter.<anonymous> (/usr/lib/node_modules/npm/lib/utils/lifecycle.js:255:16)
14 verbose stack     at emitTwo (events.js:106:13)
14 verbose stack     at EventEmitter.emit (events.js:191:7)
14 verbose stack     at ChildProcess.<anonymous> (/usr/lib/node_modules/npm/lib/utils/spawn.js:40:14)
14 verbose stack     at emitTwo (events.js:106:13)
14 verbose stack     at ChildProcess.emit (events.js:191:7)
14 verbose stack     at maybeClose (internal/child_process.js:920:16)
14 verbose stack     at Process.ChildProcess._handle.onexit (internal/child_process.js:230:5)
15 verbose pkgid example-create-react-app-express@1.0.0
16 verbose cwd /home/boxuanlu/lighthouse/Dota2-fantasy
17 error Linux 4.13.0-36-generic
18 error argv "/usr/bin/node" "/usr/bin/npm" "run" "client"
19 error node v6.13.0
20 error npm  v3.10.10
21 error code ELIFECYCLE
22 error example-create-react-app-express@1.0.0 client: `cd client && npm run start`
22 error Exit status 1
23 error Failed at the example-create-react-app-express@1.0.0 client script 'cd client && npm run start'.
23 error Make sure you have the latest version of node.js and npm installed.
23 error If you do, this is most likely a problem with the example-create-react-app-express package,
23 error not with npm itself.
23 error Tell the author that this fails on your system:
23 error     cd client && npm run start
23 error You can get information on how to open an issue for this project with:
23 error     npm bugs example-create-react-app-express
23 error Or if that isn't available, you can get their info via:
23 error     npm owner ls example-create-react-app-express
23 error There is likely additional logging output above.
24 verbose exit [ 1, true ]
